<?xml version="1.0" encoding="UTF-8"?>
<testng-results skipped="0" failed="1" total="2" passed="1">
  <reporter-output>
  </reporter-output>
  <suite name="Suite" duration-ms="97545" started-at="2019-06-24T14:39:06Z" finished-at="2019-06-24T14:40:43Z">
    <groups>
    </groups>
    <test name="Test" duration-ms="97545" started-at="2019-06-24T14:39:06Z" finished-at="2019-06-24T14:40:43Z">
      <class name="com.auto.testcases.SignInTest">
        <test-method status="PASS" signature="setup()[pri:0, instance:com.auto.testcases.SignInTest@7cd62f43]" name="setup" is-config="true" duration-ms="1947" started-at="2019-06-24T20:09:06Z" finished-at="2019-06-24T20:09:08Z">
          <reporter-output>
          </reporter-output>
        </test-method> <!-- setup -->
        <test-method status="PASS" signature="signIn(java.lang.String, java.lang.String)[pri:0, instance:com.auto.testcases.SignInTest@7cd62f43]" name="signIn" duration-ms="28618" started-at="2019-06-24T20:09:08Z" data-provider="credential" finished-at="2019-06-24T20:09:37Z">
          <params>
            <param index="0">
              <value>
                <![CDATA[aswini.li2@gmail.com]]>
              </value>
            </param>
            <param index="1">
              <value>
                <![CDATA[1qaz!QAZ]]>
              </value>
            </param>
          </params>
          <reporter-output>
          </reporter-output>
        </test-method> <!-- signIn -->
        <test-method status="PASS" signature="tearDown(org.testng.ITestResult)[pri:0, instance:com.auto.testcases.SignInTest@7cd62f43]" name="tearDown" is-config="true" duration-ms="125" started-at="2019-06-24T20:09:37Z" finished-at="2019-06-24T20:09:37Z">
          <params>
            <param index="0">
              <value>
                <![CDATA[[TestResult name=signIn status=SUCCESS method=SignInTest.signIn(java.lang.String, java.lang.String)[pri:0, instance:com.auto.testcases.SignInTest@7cd62f43] output={null}]]]>
              </value>
            </param>
          </params>
          <reporter-output>
          </reporter-output>
        </test-method> <!-- tearDown -->
        <test-method status="PASS" signature="setup()[pri:0, instance:com.auto.testcases.SignInTest@7cd62f43]" name="setup" is-config="true" duration-ms="1304" started-at="2019-06-24T20:09:37Z" finished-at="2019-06-24T20:09:38Z">
          <reporter-output>
          </reporter-output>
        </test-method> <!-- setup -->
        <test-method status="FAIL" signature="signIn(java.lang.String, java.lang.String)[pri:0, instance:com.auto.testcases.SignInTest@7cd62f43]" name="signIn" duration-ms="64782" started-at="2019-06-24T20:09:38Z" data-provider="credential" finished-at="2019-06-24T20:10:43Z">
          <params>
            <param index="0">
              <value>
                <![CDATA[aswini]]>
              </value>
            </param>
            <param index="1">
              <value>
                <![CDATA[baliarsingh]]>
              </value>
            </param>
          </params>
          <exception class="org.openqa.selenium.NoSuchElementException">
            <message>
              <![CDATA[no such element: Unable to locate element: {"method":"xpath","selector":".//*[@id='center_column']/p"}
  (Session info: chrome=75.0.3770.90)
  (Driver info: chromedriver=2.46.628402 (536cd7adbad73a3783fdc2cab92ab2ba7ec361e1),platform=Windows NT 10.0.10240 x86_64) (WARNING: The server did not provide any stacktrace information)
Command duration or timeout: 30.03 seconds
For documentation on this error, please visit: http://seleniumhq.org/exceptions/no_such_element.html
Build info: version: '3.0.1', revision: '1969d75', time: '2016-10-18 09:49:13 -0700'
System info: host: '7P7BJC2J', ip: '192.168.0.101', os.name: 'Windows 10', os.arch: 'amd64', os.version: '10.0', java.version: '1.8.0_66'
Driver info: org.openqa.selenium.chrome.ChromeDriver
Capabilities [{mobileEmulationEnabled=false, timeouts={implicit=0, pageLoad=300000, script=30000}, hasTouchScreen=false, platform=XP, acceptSslCerts=false, goog:chromeOptions={debuggerAddress=localhost:63441}, acceptInsecureCerts=false, webStorageEnabled=true, browserName=chrome, takesScreenshot=true, javascriptEnabled=true, setWindowRect=true, unexpectedAlertBehaviour=ignore, applicationCacheEnabled=false, rotatable=false, networkConnectionEnabled=false, chrome={chromedriverVersion=2.46.628402 (536cd7adbad73a3783fdc2cab92ab2ba7ec361e1), userDataDir=C:\Users\1022110\AppData\Local\Temp\scoped_dir311944_11677}, takesHeapSnapshot=true, pageLoadStrategy=normal, strictFileInteractability=false, databaseEnabled=false, handlesAlerts=true, version=75.0.3770.90, browserConnectionEnabled=false, proxy={}, nativeEvents=true, locationContextEnabled=true, cssSelectorsEnabled=true}]
Session ID: ee13a82d17d774f8333e8648d0a12d84
*** Element info: {Using=xpath, value=.//*[@id='center_column']/p}]]>
            </message>
            <full-stacktrace>
              <![CDATA[org.openqa.selenium.NoSuchElementException: no such element: Unable to locate element: {"method":"xpath","selector":".//*[@id='center_column']/p"}
  (Session info: chrome=75.0.3770.90)
  (Driver info: chromedriver=2.46.628402 (536cd7adbad73a3783fdc2cab92ab2ba7ec361e1),platform=Windows NT 10.0.10240 x86_64) (WARNING: The server did not provide any stacktrace information)
Command duration or timeout: 30.03 seconds
For documentation on this error, please visit: http://seleniumhq.org/exceptions/no_such_element.html
Build info: version: '3.0.1', revision: '1969d75', time: '2016-10-18 09:49:13 -0700'
System info: host: '7P7BJC2J', ip: '192.168.0.101', os.name: 'Windows 10', os.arch: 'amd64', os.version: '10.0', java.version: '1.8.0_66'
Driver info: org.openqa.selenium.chrome.ChromeDriver
Capabilities [{mobileEmulationEnabled=false, timeouts={implicit=0, pageLoad=300000, script=30000}, hasTouchScreen=false, platform=XP, acceptSslCerts=false, goog:chromeOptions={debuggerAddress=localhost:63441}, acceptInsecureCerts=false, webStorageEnabled=true, browserName=chrome, takesScreenshot=true, javascriptEnabled=true, setWindowRect=true, unexpectedAlertBehaviour=ignore, applicationCacheEnabled=false, rotatable=false, networkConnectionEnabled=false, chrome={chromedriverVersion=2.46.628402 (536cd7adbad73a3783fdc2cab92ab2ba7ec361e1), userDataDir=C:\Users\1022110\AppData\Local\Temp\scoped_dir311944_11677}, takesHeapSnapshot=true, pageLoadStrategy=normal, strictFileInteractability=false, databaseEnabled=false, handlesAlerts=true, version=75.0.3770.90, browserConnectionEnabled=false, proxy={}, nativeEvents=true, locationContextEnabled=true, cssSelectorsEnabled=true}]
Session ID: ee13a82d17d774f8333e8648d0a12d84
*** Element info: {Using=xpath, value=.//*[@id='center_column']/p}
	at sun.reflect.NativeConstructorAccessorImpl.newInstance0(Native Method)
	at sun.reflect.NativeConstructorAccessorImpl.newInstance(Unknown Source)
	at sun.reflect.DelegatingConstructorAccessorImpl.newInstance(Unknown Source)
	at java.lang.reflect.Constructor.newInstance(Unknown Source)
	at org.openqa.selenium.remote.ErrorHandler.createThrowable(ErrorHandler.java:216)
	at org.openqa.selenium.remote.ErrorHandler.throwIfResponseFailed(ErrorHandler.java:168)
	at org.openqa.selenium.remote.RemoteWebDriver.execute(RemoteWebDriver.java:635)
	at org.openqa.selenium.remote.RemoteWebDriver.findElement(RemoteWebDriver.java:368)
	at org.openqa.selenium.remote.RemoteWebDriver.findElementByXPath(RemoteWebDriver.java:473)
	at org.openqa.selenium.By$ByXPath.findElement(By.java:361)
	at org.openqa.selenium.remote.RemoteWebDriver.findElement(RemoteWebDriver.java:360)
	at org.openqa.selenium.support.pagefactory.DefaultElementLocator.findElement(DefaultElementLocator.java:69)
	at org.openqa.selenium.support.pagefactory.internal.LocatingElementHandler.invoke(LocatingElementHandler.java:38)
	at com.sun.proxy.$Proxy9.getText(Unknown Source)
	at com.auto.pageobjects.MyAccountPage.getMyAccountWelcomeText(MyAccountPage.java:18)
	at com.auto.testcases.SignInTest.signIn(SignInTest.java:38)
	at sun.reflect.NativeMethodAccessorImpl.invoke0(Native Method)
	at sun.reflect.NativeMethodAccessorImpl.invoke(Unknown Source)
	at sun.reflect.DelegatingMethodAccessorImpl.invoke(Unknown Source)
	at java.lang.reflect.Method.invoke(Unknown Source)
	at org.testng.internal.MethodInvocationHelper.invokeMethod(MethodInvocationHelper.java:86)
	at org.testng.internal.Invoker.invokeMethod(Invoker.java:643)
	at org.testng.internal.Invoker.invokeTestMethod(Invoker.java:820)
	at org.testng.internal.Invoker.invokeTestMethods(Invoker.java:1128)
	at org.testng.internal.TestMethodWorker.invokeTestMethods(TestMethodWorker.java:129)
	at org.testng.internal.TestMethodWorker.run(TestMethodWorker.java:112)
	at java.util.concurrent.ThreadPoolExecutor.runWorker(Unknown Source)
	at java.util.concurrent.ThreadPoolExecutor$Worker.run(Unknown Source)
	at java.lang.Thread.run(Unknown Source)
]]>
            </full-stacktrace>
          </exception> <!-- org.openqa.selenium.NoSuchElementException -->
          <reporter-output>
          </reporter-output>
        </test-method> <!-- signIn -->
        <test-method status="PASS" signature="tearDown(org.testng.ITestResult)[pri:0, instance:com.auto.testcases.SignInTest@7cd62f43]" name="tearDown" is-config="true" duration-ms="203" started-at="2019-06-24T20:10:43Z" finished-at="2019-06-24T20:10:43Z">
          <params>
            <param index="0">
              <value>
                <![CDATA[[TestResult name=signIn status=FAILURE method=SignInTest.signIn(java.lang.String, java.lang.String)[pri:0, instance:com.auto.testcases.SignInTest@7cd62f43] output={null}]]]>
              </value>
            </param>
          </params>
          <reporter-output>
          </reporter-output>
        </test-method> <!-- tearDown -->
        <test-method status="PASS" signature="cleanUp()[pri:0, instance:com.auto.testcases.SignInTest@7cd62f43]" name="cleanUp" is-config="true" duration-ms="1538" started-at="2019-06-24T20:10:44Z" finished-at="2019-06-24T20:10:45Z">
          <reporter-output>
          </reporter-output>
        </test-method> <!-- cleanUp -->
      </class> <!-- com.auto.testcases.SignInTest -->
    </test> <!-- Test -->
  </suite> <!-- Suite -->
</testng-results>
